<?xml version="1.0" encoding="UTF-8"?>
<testng-results skipped="3" failed="0" total="3" passed="0">
  <reporter-output>
  </reporter-output>
  <suite name="Default suite" duration-ms="54390" started-at="2021-08-04T12:30:57Z" finished-at="2021-08-04T12:31:51Z">
    <groups>
    </groups>
    <test name="Default test" duration-ms="54390" started-at="2021-08-04T12:30:57Z" finished-at="2021-08-04T12:31:51Z">
      <class name="com.automation.test.LoanCalculatorTest">
        <test-method status="PASS" signature="setUpSuite()[pri:0, instance:com.automation.test.LoanCalculatorTest@482f8f11]" name="setUpSuite" is-config="true" duration-ms="3588" started-at="2021-08-04T18:00:53Z" finished-at="2021-08-04T18:00:57Z">
          <reporter-output>
          </reporter-output>
        </test-method> <!-- setUpSuite -->
        <test-method status="FAIL" signature="setUp()[pri:0, instance:com.automation.test.LoanCalculatorTest@482f8f11]" name="setUp" is-config="true" duration-ms="0" started-at="2021-08-04T18:00:57Z" finished-at="2021-08-04T18:00:57Z">
          <exception class="org.openqa.selenium.TimeoutException">
            <message>
              <![CDATA[timeout
  (Session info: chrome=92.0.4515.131)
  (Driver info: chromedriver=2.34.522940 (1a76f96f66e3ca7b8e57d503b4dd3bccfba87af1),platform=Windows NT 6.1.7601 SP1 x86_64) (WARNING: The server did not provide any stacktrace information)
Command duration or timeout: 0 milliseconds
Build info: version: '3.141.59', revision: 'e82be7d358', time: '2018-11-14T08:25:48'
System info: host: 'ANUPPRASAD-PC', ip: '192.168.216.1', os.name: 'Windows 7', os.arch: 'amd64', os.version: '6.1', java.version: '1.8.0_171'
Driver info: org.openqa.selenium.chrome.ChromeDriver
Capabilities {acceptSslCerts: true, applicationCacheEnabled: false, browserConnectionEnabled: false, browserName: chrome, chrome: {chromedriverVersion: 2.34.522940 (1a76f96f66e3ca..., userDataDir: C:\Users\ANUPPR~1\AppData\L...}, cssSelectorsEnabled: true, databaseEnabled: false, handlesAlerts: true, hasTouchScreen: false, javascriptEnabled: true, locationContextEnabled: true, mobileEmulationEnabled: false, nativeEvents: true, networkConnectionEnabled: false, pageLoadStrategy: normal, platform: XP, platformName: XP, rotatable: false, setWindowRect: true, takesHeapSnapshot: true, takesScreenshot: true, unexpectedAlertBehaviour: , unhandledPromptBehavior: , version: 92.0.4515.131, webStorageEnabled: true}
Session ID: fb1c9520281f2b89f4a653c1f08ba9de]]>
            </message>
            <full-stacktrace>
              <![CDATA[org.openqa.selenium.TimeoutException: timeout
  (Session info: chrome=92.0.4515.131)
  (Driver info: chromedriver=2.34.522940 (1a76f96f66e3ca7b8e57d503b4dd3bccfba87af1),platform=Windows NT 6.1.7601 SP1 x86_64) (WARNING: The server did not provide any stacktrace information)
Command duration or timeout: 0 milliseconds
Build info: version: '3.141.59', revision: 'e82be7d358', time: '2018-11-14T08:25:48'
System info: host: 'ANUPPRASAD-PC', ip: '192.168.216.1', os.name: 'Windows 7', os.arch: 'amd64', os.version: '6.1', java.version: '1.8.0_171'
Driver info: org.openqa.selenium.chrome.ChromeDriver
Capabilities {acceptSslCerts: true, applicationCacheEnabled: false, browserConnectionEnabled: false, browserName: chrome, chrome: {chromedriverVersion: 2.34.522940 (1a76f96f66e3ca..., userDataDir: C:\Users\ANUPPR~1\AppData\L...}, cssSelectorsEnabled: true, databaseEnabled: false, handlesAlerts: true, hasTouchScreen: false, javascriptEnabled: true, locationContextEnabled: true, mobileEmulationEnabled: false, nativeEvents: true, networkConnectionEnabled: false, pageLoadStrategy: normal, platform: XP, platformName: XP, rotatable: false, setWindowRect: true, takesHeapSnapshot: true, takesScreenshot: true, unexpectedAlertBehaviour: , unhandledPromptBehavior: , version: 92.0.4515.131, webStorageEnabled: true}
Session ID: fb1c9520281f2b89f4a653c1f08ba9de
	at sun.reflect.NativeConstructorAccessorImpl.newInstance0(Native Method)
	at sun.reflect.NativeConstructorAccessorImpl.newInstance(Unknown Source)
	at sun.reflect.DelegatingConstructorAccessorImpl.newInstance(Unknown Source)
	at java.lang.reflect.Constructor.newInstance(Unknown Source)
	at org.openqa.selenium.remote.ErrorHandler.createThrowable(ErrorHandler.java:214)
	at org.openqa.selenium.remote.ErrorHandler.throwIfResponseFailed(ErrorHandler.java:166)
	at org.openqa.selenium.remote.http.JsonHttpResponseCodec.reconstructValue(JsonHttpResponseCodec.java:40)
	at org.openqa.selenium.remote.http.AbstractHttpResponseCodec.decode(AbstractHttpResponseCodec.java:80)
	at org.openqa.selenium.remote.http.AbstractHttpResponseCodec.decode(AbstractHttpResponseCodec.java:44)
	at org.openqa.selenium.remote.HttpCommandExecutor.execute(HttpCommandExecutor.java:158)
	at org.openqa.selenium.remote.service.DriverCommandExecutor.execute(DriverCommandExecutor.java:83)
	at org.openqa.selenium.remote.RemoteWebDriver.execute(RemoteWebDriver.java:552)
	at org.openqa.selenium.remote.RemoteWebDriver.get(RemoteWebDriver.java:277)
	at com.automation.utility.BrowserFactory.startApplication(BrowserFactory.java:38)
	at com.automation.pages.BaseClass.setUp(BaseClass.java:48)
	at sun.reflect.NativeMethodAccessorImpl.invoke0(Native Method)
	at sun.reflect.NativeMethodAccessorImpl.invoke(Unknown Source)
	at sun.reflect.DelegatingMethodAccessorImpl.invoke(Unknown Source)
	at java.lang.reflect.Method.invoke(Unknown Source)
	at org.testng.internal.MethodInvocationHelper.invokeMethod(MethodInvocationHelper.java:100)
	at org.testng.internal.Invoker.invokeConfigurationMethod(Invoker.java:515)
	at org.testng.internal.Invoker.invokeConfigurations(Invoker.java:216)
	at org.testng.internal.Invoker.invokeConfigurations(Invoker.java:143)
	at org.testng.internal.TestMethodWorker.invokeBeforeClassMethods(TestMethodWorker.java:169)
	at org.testng.internal.TestMethodWorker.run(TestMethodWorker.java:108)
	at org.testng.TestRunner.privateRun(TestRunner.java:746)
	at org.testng.TestRunner.run(TestRunner.java:600)
	at org.testng.SuiteRunner.runTest(SuiteRunner.java:366)
	at org.testng.SuiteRunner.runSequentially(SuiteRunner.java:361)
	at org.testng.SuiteRunner.privateRun(SuiteRunner.java:319)
	at org.testng.SuiteRunner.run(SuiteRunner.java:268)
	at org.testng.SuiteRunnerWorker.runSuite(SuiteRunnerWorker.java:52)
	at org.testng.SuiteRunnerWorker.run(SuiteRunnerWorker.java:86)
	at org.testng.TestNG.runSuitesSequentially(TestNG.java:1264)
	at org.testng.TestNG.runSuitesLocally(TestNG.java:1189)
	at org.testng.TestNG.runSuites(TestNG.java:1104)
	at org.testng.TestNG.run(TestNG.java:1076)
	at org.testng.remote.AbstractRemoteTestNG.run(AbstractRemoteTestNG.java:126)
	at org.testng.remote.RemoteTestNG.initAndRun(RemoteTestNG.java:152)
	at org.testng.remote.RemoteTestNG.main(RemoteTestNG.java:57)
]]>
            </full-stacktrace>
          </exception> <!-- org.openqa.selenium.TimeoutException -->
          <reporter-output>
          </reporter-output>
        </test-method> <!-- setUp -->
        <test-method status="SKIP" signature="testCase_1()[pri:0, instance:com.automation.test.LoanCalculatorTest@482f8f11]" name="testCase_1" duration-ms="13" started-at="2021-08-04T18:01:51Z" finished-at="2021-08-04T18:01:51Z">
          <reporter-output>
          </reporter-output>
        </test-method> <!-- testCase_1 -->
        <test-method status="SKIP" signature="tearDownMethod(org.testng.ITestResult)[pri:0, instance:com.automation.test.LoanCalculatorTest@482f8f11]" name="tearDownMethod" is-config="true" duration-ms="0" started-at="2021-08-04T18:01:51Z" finished-at="2021-08-04T18:01:51Z">
          <reporter-output>
          </reporter-output>
        </test-method> <!-- tearDownMethod -->
        <test-method status="SKIP" signature="testCase_2()[pri:0, instance:com.automation.test.LoanCalculatorTest@482f8f11]" name="testCase_2" duration-ms="10" started-at="2021-08-04T18:01:51Z" finished-at="2021-08-04T18:01:51Z">
          <reporter-output>
          </reporter-output>
        </test-method> <!-- testCase_2 -->
        <test-method status="SKIP" signature="tearDownMethod(org.testng.ITestResult)[pri:0, instance:com.automation.test.LoanCalculatorTest@482f8f11]" name="tearDownMethod" is-config="true" duration-ms="0" started-at="2021-08-04T18:01:51Z" finished-at="2021-08-04T18:01:51Z">
          <reporter-output>
          </reporter-output>
        </test-method> <!-- tearDownMethod -->
        <test-method status="SKIP" signature="testCase_3()[pri:0, instance:com.automation.test.LoanCalculatorTest@482f8f11]" name="testCase_3" duration-ms="21" started-at="2021-08-04T18:01:51Z" finished-at="2021-08-04T18:01:51Z">
          <reporter-output>
          </reporter-output>
        </test-method> <!-- testCase_3 -->
        <test-method status="SKIP" signature="tearDownMethod(org.testng.ITestResult)[pri:0, instance:com.automation.test.LoanCalculatorTest@482f8f11]" name="tearDownMethod" is-config="true" duration-ms="0" started-at="2021-08-04T18:01:51Z" finished-at="2021-08-04T18:01:51Z">
          <reporter-output>
          </reporter-output>
        </test-method> <!-- tearDownMethod -->
        <test-method status="SKIP" signature="tearDown()[pri:0, instance:com.automation.test.LoanCalculatorTest@482f8f11]" name="tearDown" is-config="true" duration-ms="0" started-at="2021-08-04T18:01:51Z" finished-at="2021-08-04T18:01:51Z">
          <reporter-output>
          </reporter-output>
        </test-method> <!-- tearDown -->
      </class> <!-- com.automation.test.LoanCalculatorTest -->
    </test> <!-- Default test -->
  </suite> <!-- Default suite -->
</testng-results>
